 
--------------- Dirs for GCC ----------------------
Tool Dir: C:\MCStudio_3M\Tools4X\bin\
SysInc Dir: C:\MCStudio_3M\Tools4X\mipsel-elf32\include\;C:\MCStudio_3M\Tools4X\mipsel-elf32\include\machine\;C:\MCStudio_3M\Tools4X\mipsel-elf32\include\sys\;
SysLib Dir: C:\MCStudio_3M\Tools4X\mipsel-elf32\lib\;C:\MCStudio_3M\Tools4X\mipsel-elf32\lib\eb\;C:\MCStudio_3M\Tools4X\mipsel-elf32\lib\soft-float\;C:\MCStudio_3M\Tools4X\mipsel-elf32\lib\soft-float\eb\;
Work Dir: c:\work\project_m54\m54_elvis\elfloader\
Project Dirs: c:\work\project_m54\m54_elvis\elfloader\;
Include Dirs: 
Library Dirs: 
 
--------- Environment Variable for GCC  -----------
PATH = c:\work\project_m54\m54_elvis\elfloader\;;C:\MCStudio_3M\Tools4x\bin;C:\MCStudio_3M\Tools4X\mipsel-elf32\include\;C:\MCStudio_3M\Tools4X\mipsel-elf32\include\machine\;C:\MCStudio_3M\Tools4X\mipsel-elf32\include\sys\;C:\MCStudio_3M\Tools4X\mipsel-elf32\lib\;C:\MCStudio_3M\Tools4X\mipsel-elf32\lib\eb\;C:\MCStudio_3M\Tools4X\mipsel-elf32\lib\soft-float\;C:\MCStudio_3M\Tools4X\mipsel-elf32\lib\soft-float\eb\;c:\work\project_m54\m54_elvis\elfloader\
COMPILER_PATH = ..\..\..\..\MCStudio_3M\Tools4X\bin\;
CPATH = ..\..\..\..\MCStudio_3M\Tools4X\mipsel-elf32\include\;..\..\..\..\MCStudio_3M\Tools4X\mipsel-elf32\include\machine\;..\..\..\..\MCStudio_3M\Tools4X\mipsel-elf32\include\sys\;
C_INCLUDE_PATH = ..\..\..\..\MCStudio_3M\Tools4X\mipsel-elf32\include\;..\..\..\..\MCStudio_3M\Tools4X\mipsel-elf32\include\machine\;..\..\..\..\MCStudio_3M\Tools4X\mipsel-elf32\include\sys\;
CPLUS_INCLUDE_PATH = ..\..\..\..\MCStudio_3M\Tools4X\mipsel-elf32\include\;..\..\..\..\MCStudio_3M\Tools4X\mipsel-elf32\include\machine\;..\..\..\..\MCStudio_3M\Tools4X\mipsel-elf32\include\sys\;
LIBRARY_PATH = ..\..\..\..\MCStudio_3M\Tools4X\mipsel-elf32\lib\;..\..\..\..\MCStudio_3M\Tools4X\mipsel-elf32\lib\eb\;..\..\..\..\MCStudio_3M\Tools4X\mipsel-elf32\lib\soft-float\;..\..\..\..\MCStudio_3M\Tools4X\mipsel-elf32\lib\soft-float\eb\;
---------------------------------------------------
 
---------------  Dirs for CLang -------------------
Tool Dir: C:\MCStudio_3M\CLang-tools\bin\
SysInc Dir: C:\MCStudio_3M\CLang-tools\include\;C:\MCStudio_3M\CLang-tools\elcore-elvis-elf\include\;C:\MCStudio_3M\CLang-tools\elcore-elvis-elf\include\bits\;C:\MCStudio_3M\CLang-tools\elcore-elvis-elf\include\machine\;C:\MCStudio_3M\CLang-tools\elcore-elvis-elf\include\rpc\;C:\MCStudio_3M\CLang-tools\elcore-elvis-elf\include\sanitizer\;C:\MCStudio_3M\CLang-tools\elcore-elvis-elf\include\sys\;
SysLib Dir: C:\MCStudio_3M\CLang-tools\lib\;C:\MCStudio_3M\CLang-tools\elcore-elvis-elf\lib\;C:\MCStudio_3M\CLang-tools\elcore-elvis-elf\lib\ldscripts\;
Work Dir: c:\work\project_m54\m54_elvis\elfloader\
Project Dirs: c:\work\project_m54\m54_elvis\elfloader\;
Include Dirs: 
Library Dirs: 
 
------------- Environment Variable for CLang ------
PATH = c:\work\project_m54\m54_elvis\elfloader\;C:\MCStudio_3M\CLang-tools\bin\;C:\MCStudio_3M\CLang-tools\include\;C:\MCStudio_3M\CLang-tools\elcore-elvis-elf\include\;C:\MCStudio_3M\CLang-tools\elcore-elvis-elf\include\bits\;C:\MCStudio_3M\CLang-tools\elcore-elvis-elf\include\machine\;C:\MCStudio_3M\CLang-tools\elcore-elvis-elf\include\rpc\;C:\MCStudio_3M\CLang-tools\elcore-elvis-elf\include\sanitizer\;C:\MCStudio_3M\CLang-tools\elcore-elvis-elf\include\sys\;C:\MCStudio_3M\CLang-tools\lib\;C:\MCStudio_3M\CLang-tools\elcore-elvis-elf\lib\;C:\MCStudio_3M\CLang-tools\elcore-elvis-elf\lib\ldscripts\;c:\work\project_m54\m54_elvis\elfloader\
COMPILER_PATH = ..\..\..\..\MCStudio_3M\CLang-tools\bin\;
CPATH = 
C_INCLUDE_PATH = 
CPLUS_INCLUDE_PATH = 
LIBRARY_PATH = 
---------------------------------------------------
15/08/2019 15:00:22
Build project: c:\work\project_m54\m54_elvis\elfloader\elfloader_nvcom01mem3u.mcsproj
Set Environment Variable for GCC
RISC File: mipsel-elf32-gcc -mips32 -EL -G0 -g -fno-delayed-branch -Wa,-O0 -Wa,--mc24r2 -c -o main.o  main.s
Set Environment Variable for GCC
RISC File: mipsel-elf32-gcc -mips32 -EL -G0 -g -fno-delayed-branch -Wa,-O0 -Wa,--mc24r2 -c -o _utils.o  _utils.s
Set Environment Variable for GCC
RISC Unit: mipsel-elf32-ld -g -EL -r -N -T $.xl   main.o  _utils.o  -o $
Set Environment Variable for GCC
RISC Unit: mipsel-elf32-objdump -x $
Set Environment Variable for GCC
Project: mipsel-elf32-ld -g -N -T elfloader_nvcom01mem3u.xl $  -o elfloader_nvcom01mem3u.o
Set Environment Variable for GCC
Project: mipsel-elf32-objdump -s elfloader_nvcom01mem3u.o
Set Environment Variable for GCC
Project: mipsel-elf32-objdump -x  elfloader_nvcom01mem3u.o
Set Environment Variable for GCC
Project: mipsel-elf32-objdump --disassemble-all elfloader_nvcom01mem3u.o
Set Environment Variable for GCC
Project: mipsel-elf32-objcopy.exe -O srec elfloader_nvcom01mem3u.o elfloader_nvcom01mem3u.srec
15/08/2019 15:00:23
----------------------------------------------------
