-----------------------------------------------
B8007B0C: SW_init() (c:\work\project_m54\m54_elvis\modul_54\pj_54_15\main.c, 2511)
B8005F08: IO(char*) (c:\work\project_m54\m54_elvis\modul_54\pj_54_15\main.c, 1896)
B8007C8C: SW_init() (c:\work\project_m54\m54_elvis\modul_54\pj_54_15\main.c, 2530)
B8005F08: IO(char*) (c:\work\project_m54\m54_elvis\modul_54\pj_54_15\main.c, 1896)
B8007C8C: SW_init() (c:\work\project_m54\m54_elvis\modul_54\pj_54_15\main.c, 2530)
B8005F08: IO(char*) (c:\work\project_m54\m54_elvis\modul_54\pj_54_15\main.c, 1896)
B8007C8C: SW_init() (c:\work\project_m54\m54_elvis\modul_54\pj_54_15\main.c, 2530)
B8005F08: IO(char*) (c:\work\project_m54\m54_elvis\modul_54\pj_54_15\main.c, 1896)
B8007C8C: SW_init() (c:\work\project_m54\m54_elvis\modul_54\pj_54_15\main.c, 2530)
B8005F08: IO(char*) (c:\work\project_m54\m54_elvis\modul_54\pj_54_15\main.c, 1896)
B8007C8C: SW_init() (c:\work\project_m54\m54_elvis\modul_54\pj_54_15\main.c, 2530)
B8005F08: IO(char*) (c:\work\project_m54\m54_elvis\modul_54\pj_54_15\main.c, 1896)
B8007C8C: SW_init() (c:\work\project_m54\m54_elvis\modul_54\pj_54_15\main.c, 2530)
B8005F08: IO(char*) (c:\work\project_m54\m54_elvis\modul_54\pj_54_15\main.c, 1896)
B8007C8C: SW_init() (c:\work\project_m54\m54_elvis\modul_54\pj_54_15\main.c, 2530)
B8005F08: IO(char*) (c:\work\project_m54\m54_elvis\modul_54\pj_54_15\main.c, 1896)
B8007C8C: SW_init() (c:\work\project_m54\m54_elvis\modul_54\pj_54_15\main.c, 2530)
B8005F08: IO(char*) (c:\work\project_m54\m54_elvis\modul_54\pj_54_15\main.c, 1896)
B80084C8: main() (c:\work\project_m54\m54_elvis\modul_54\pj_54_15\main.c, 2830)
B8001460: ...

