-----------------------------------------------
B8007B0C: SW_init() (c:\work\project_m54\m54_elvis\modul_54\pj_54_15\main.c, 2511)
B8005F08: IO(char*) (c:\work\project_m54\m54_elvis\modul_54\pj_54_15\main.c, 1896)
B8007C8C: SW_init() (c:\work\project_m54\m54_elvis\modul_54\pj_54_15\main.c, 2530)
B8005F08: IO(char*) (c:\work\project_m54\m54_elvis\modul_54\pj_54_15\main.c, 1896)
B8007C8C: SW_init() (c:\work\project_m54\m54_elvis\modul_54\pj_54_15\main.c, 2530)
B8005F08: IO(char*) (c:\work\project_m54\m54_elvis\modul_54\pj_54_15\main.c, 1896)
B8007C8C: SW_init() (c:\work\project_m54\m54_elvis\modul_54\pj_54_15\main.c, 2530)
B8005F08: IO(char*) (c:\work\project_m54\m54_elvis\modul_54\pj_54_15\main.c, 1896)
B8007C8C: SW_init() (c:\work\project_m54\m54_elvis\modul_54\pj_54_15\main.c, 2530)
B8005F08: IO(char*) (c:\work\project_m54\m54_elvis\modul_54\pj_54_15\main.c, 1896)
B8007C8C: SW_init() (c:\work\project_m54\m54_elvis\modul_54\pj_54_15\main.c, 2530)
B8005F08: IO(char*) (c:\work\project_m54\m54_elvis\modul_54\pj_54_15\main.c, 1896)
B8007C8C: SW_init() (c:\work\project_m54\m54_elvis\modul_54\pj_54_15\main.c, 2530)
B8005F08: IO(char*) (c:\work\project_m54\m54_elvis\modul_54\pj_54_15\main.c, 1896)
B8007C8C: SW_init() (c:\work\project_m54\m54_elvis\modul_54\pj_54_15\main.c, 2530)
B8005F08: IO(char*) (c:\work\project_m54\m54_elvis\modul_54\pj_54_15\main.c, 1896)
B8007C8C: SW_init() (c:\work\project_m54\m54_elvis\modul_54\pj_54_15\main.c, 2530)
B8005F08: IO(char*) (c:\work\project_m54\m54_elvis\modul_54\pj_54_15\main.c, 1896)
B80084C8: main() (c:\work\project_m54\m54_elvis\modul_54\pj_54_15\main.c, 2830)
B8001460: ...

-----------------------------------------------
B800A8AC: get_cause_risc(unsigned int) (c:\work\project_m54\m54_modul\modul_54\pj_54_15\risc_runtime\risc_interrupt.c, 639)
B800B7C0: risc_common_handler() (c:\work\project_m54\m54_modul\modul_54\pj_54_15\risc_runtime\risc_interrupt.c, 748)
B8000204: risc_common_handler() (c:\work\project_m54\m54_modul\modul_54\pj_54_15\risc_interrupt_handler.s, 44)

-----------------------------------------------
B800A8C4: get_cause_risc(unsigned int) (c:\work\project_m54\m54_modul\modul_54\pj_54_15\risc_runtime\risc_interrupt.c, 640)
B800B7C0: risc_common_handler() (c:\work\project_m54\m54_modul\modul_54\pj_54_15\risc_runtime\risc_interrupt.c, 748)
B8000204: risc_common_handler() (c:\work\project_m54\m54_modul\modul_54\pj_54_15\risc_interrupt_handler.s, 44)

-----------------------------------------------
B800A8F0: get_cause_risc(unsigned int) (c:\work\project_m54\m54_modul\modul_54\pj_54_15\risc_runtime\risc_interrupt.c, 641)
B800B7C0: risc_common_handler() (c:\work\project_m54\m54_modul\modul_54\pj_54_15\risc_runtime\risc_interrupt.c, 748)
B8000204: risc_common_handler() (c:\work\project_m54\m54_modul\modul_54\pj_54_15\risc_interrupt_handler.s, 44)

-----------------------------------------------
B800A91C: get_cause_risc(unsigned int) (c:\work\project_m54\m54_modul\modul_54\pj_54_15\risc_runtime\risc_interrupt.c, 642)
B800B7C0: risc_common_handler() (c:\work\project_m54\m54_modul\modul_54\pj_54_15\risc_runtime\risc_interrupt.c, 748)
B8000204: risc_common_handler() (c:\work\project_m54\m54_modul\modul_54\pj_54_15\risc_interrupt_handler.s, 44)

-----------------------------------------------
B800A948: get_cause_risc(unsigned int) (c:\work\project_m54\m54_modul\modul_54\pj_54_15\risc_runtime\risc_interrupt.c, 643)
B800B7C0: risc_common_handler() (c:\work\project_m54\m54_modul\modul_54\pj_54_15\risc_runtime\risc_interrupt.c, 748)
B8000204: risc_common_handler() (c:\work\project_m54\m54_modul\modul_54\pj_54_15\risc_interrupt_handler.s, 44)

-----------------------------------------------
B800A974: get_cause_risc(unsigned int) (c:\work\project_m54\m54_modul\modul_54\pj_54_15\risc_runtime\risc_interrupt.c, 644)
B800B7C0: risc_common_handler() (c:\work\project_m54\m54_modul\modul_54\pj_54_15\risc_runtime\risc_interrupt.c, 748)
B8000204: risc_common_handler() (c:\work\project_m54\m54_modul\modul_54\pj_54_15\risc_interrupt_handler.s, 44)

-----------------------------------------------
B800A9A0: get_cause_risc(unsigned int) (c:\work\project_m54\m54_modul\modul_54\pj_54_15\risc_runtime\risc_interrupt.c, 645)
B800B7C0: risc_common_handler() (c:\work\project_m54\m54_modul\modul_54\pj_54_15\risc_runtime\risc_interrupt.c, 748)
B8000204: risc_common_handler() (c:\work\project_m54\m54_modul\modul_54\pj_54_15\risc_interrupt_handler.s, 44)

-----------------------------------------------
B800A9CC: get_cause_risc(unsigned int) (c:\work\project_m54\m54_modul\modul_54\pj_54_15\risc_runtime\risc_interrupt.c, 646)
B800B7C0: risc_common_handler() (c:\work\project_m54\m54_modul\modul_54\pj_54_15\risc_runtime\risc_interrupt.c, 748)
B8000204: risc_common_handler() (c:\work\project_m54\m54_modul\modul_54\pj_54_15\risc_interrupt_handler.s, 44)

-----------------------------------------------
B800B780: get_cause_risc(unsigned int) (c:\work\project_m54\m54_modul\modul_54\pj_54_15\risc_runtime\risc_interrupt.c, 740)
B800B7C0: risc_common_handler() (c:\work\project_m54\m54_modul\modul_54\pj_54_15\risc_runtime\risc_interrupt.c, 748)
B8000204: risc_common_handler() (c:\work\project_m54\m54_modul\modul_54\pj_54_15\risc_interrupt_handler.s, 44)

-----------------------------------------------
B800B7C8: risc_common_handler() (c:\work\project_m54\m54_modul\modul_54\pj_54_15\risc_runtime\risc_interrupt.c, 748)
B8000204: risc_common_handler() (c:\work\project_m54\m54_modul\modul_54\pj_54_15\risc_interrupt_handler.s, 44)

-----------------------------------------------
B800B7CC: risc_common_handler() (c:\work\project_m54\m54_modul\modul_54\pj_54_15\risc_runtime\risc_interrupt.c, 750)
B8000204: risc_common_handler() (c:\work\project_m54\m54_modul\modul_54\pj_54_15\risc_interrupt_handler.s, 44)

-----------------------------------------------
B800BA8C: risc_common_handler() (c:\work\project_m54\m54_modul\modul_54\pj_54_15\risc_runtime\risc_interrupt.c, 804)
B8000204: risc_common_handler() (c:\work\project_m54\m54_modul\modul_54\pj_54_15\risc_interrupt_handler.s, 44)

-----------------------------------------------
B800BB84: risc_common_handler() (c:\work\project_m54\m54_modul\modul_54\pj_54_15\risc_runtime\risc_interrupt.c, 815)
B8000204: risc_common_handler() (c:\work\project_m54\m54_modul\modul_54\pj_54_15\risc_interrupt_handler.s, 44)

-----------------------------------------------
B800BBE8: risc_common_handler() (c:\work\project_m54\m54_modul\modul_54\pj_54_15\risc_runtime\risc_interrupt.c, 819)
B8000204: risc_common_handler() (c:\work\project_m54\m54_modul\modul_54\pj_54_15\risc_interrupt_handler.s, 44)

-----------------------------------------------
B80033F4: get_rx_speed(unsigned int) (c:\work\project_m54\m54_modul\modul_54\pj_54_15\main.c, 942)
B8007B90: SW_init() (c:\work\project_m54\m54_modul\modul_54\pj_54_15\main.c, 2513)
B8005F54: IO(char*) (c:\work\project_m54\m54_modul\modul_54\pj_54_15\main.c, 1900)
B8007CD8: SW_init() (c:\work\project_m54\m54_modul\modul_54\pj_54_15\main.c, 2536)
B8005F54: IO(char*) (c:\work\project_m54\m54_modul\modul_54\pj_54_15\main.c, 1900)
B8007CD8: SW_init() (c:\work\project_m54\m54_modul\modul_54\pj_54_15\main.c, 2536)
B8005F54: IO(char*) (c:\work\project_m54\m54_modul\modul_54\pj_54_15\main.c, 1900)
B8007CD8: SW_init() (c:\work\project_m54\m54_modul\modul_54\pj_54_15\main.c, 2536)
B8005F54: IO(char*) (c:\work\project_m54\m54_modul\modul_54\pj_54_15\main.c, 1900)
B8007CD8: SW_init() (c:\work\project_m54\m54_modul\modul_54\pj_54_15\main.c, 2536)
B8005F54: IO(char*) (c:\work\project_m54\m54_modul\modul_54\pj_54_15\main.c, 1900)
B8007CD8: SW_init() (c:\work\project_m54\m54_modul\modul_54\pj_54_15\main.c, 2536)
B8005F54: IO(char*) (c:\work\project_m54\m54_modul\modul_54\pj_54_15\main.c, 1900)
B8007CD8: SW_init() (c:\work\project_m54\m54_modul\modul_54\pj_54_15\main.c, 2536)
B8005F54: IO(char*) (c:\work\project_m54\m54_modul\modul_54\pj_54_15\main.c, 1900)
B8007CD8: SW_init() (c:\work\project_m54\m54_modul\modul_54\pj_54_15\main.c, 2536)
B8005F54: IO(char*) (c:\work\project_m54\m54_modul\modul_54\pj_54_15\main.c, 1900)
B8007CD8: SW_init() (c:\work\project_m54\m54_modul\modul_54\pj_54_15\main.c, 2536)
B8005F54: IO(char*) (c:\work\project_m54\m54_modul\modul_54\pj_54_15\main.c, 1900)
B8007CD8: SW_init() (c:\work\project_m54\m54_modul\modul_54\pj_54_15\main.c, 2536)
B8005F54: IO(char*) (c:\work\project_m54\m54_modul\modul_54\pj_54_15\main.c, 1900)
B8007CD8: SW_init() (c:\work\project_m54\m54_modul\modul_54\pj_54_15\main.c, 2536)
B8005F54: IO(char*) (c:\work\project_m54\m54_modul\modul_54\pj_54_15\main.c, 1900)
B8007CD8: SW_init() (c:\work\project_m54\m54_modul\modul_54\pj_54_15\main.c, 2536)
B8005F54: IO(char*) (c:\work\project_m54\m54_modul\modul_54\pj_54_15\main.c, 1900)
B8007CD8: SW_init() (c:\work\project_m54\m54_modul\modul_54\pj_54_15\main.c, 2536)
B8005F54: IO(char*) (c:\work\project_m54\m54_modul\modul_54\pj_54_15\main.c, 1900)
B8007CD8: SW_init() (c:\work\project_m54\m54_modul\modul_54\pj_54_15\main.c, 2536)
B8005F54: IO(char*) (c:\work\project_m54\m54_modul\modul_54\pj_54_15\main.c, 1900)
B8007CD8: SW_init() (c:\work\project_m54\m54_modul\modul_54\pj_54_15\main.c, 2536)
B8005F54: IO(char*) (c:\work\project_m54\m54_modul\modul_54\pj_54_15\main.c, 1900)
B8007CD8: SW_init() (c:\work\project_m54\m54_modul\modul_54\pj_54_15\main.c, 2536)
B8005F54: IO(char*) (c:\work\project_m54\m54_modul\modul_54\pj_54_15\main.c, 1900)
B8007CD8: SW_init() (c:\work\project_m54\m54_modul\modul_54\pj_54_15\main.c, 2536)
B8005F54: IO(char*) (c:\work\project_m54\m54_modul\modul_54\pj_54_15\main.c, 1900)
B8007CD8: SW_init() (c:\work\project_m54\m54_modul\modul_54\pj_54_15\main.c, 2536)
B8005F54: IO(char*) (c:\work\project_m54\m54_modul\modul_54\pj_54_15\main.c, 1900)
B8007CD8: SW_init() (c:\work\project_m54\m54_modul\modul_54\pj_54_15\main.c, 2536)
B8005F54: IO(char*) (c:\work\project_m54\m54_modul\modul_54\pj_54_15\main.c, 1900)
B8007CD8: SW_init() (c:\work\project_m54\m54_modul\modul_54\pj_54_15\main.c, 2536)
B8005F54: IO(char*) (c:\work\project_m54\m54_modul\modul_54\pj_54_15\main.c, 1900)
B8007CD8: SW_init() (c:\work\project_m54\m54_modul\modul_54\pj_54_15\main.c, 2536)
B8005F54: IO(char*) (c:\work\project_m54\m54_modul\modul_54\pj_54_15\main.c, 1900)
B8007CD8: SW_init() (c:\work\project_m54\m54_modul\modul_54\pj_54_15\main.c, 2536)
B8005F54: IO(char*) (c:\work\project_m54\m54_modul\modul_54\pj_54_15\main.c, 1900)
B8007CD8: SW_init() (c:\work\project_m54\m54_modul\modul_54\pj_54_15\main.c, 2536)
B8005F54: IO(char*) (c:\work\project_m54\m54_modul\modul_54\pj_54_15\main.c, 1900)
B8008714: main() (c:\work\project_m54\m54_modul\modul_54\pj_54_15\main.c, 2923)
B8001460: ...

-----------------------------------------------
B80033D8: get_rx_speed(unsigned int) (c:\work\project_m54\m54_modul\modul_54\pj_54_15\main.c, 942)
B8007B90: SW_init() (c:\work\project_m54\m54_modul\modul_54\pj_54_15\main.c, 2513)
B8005F54: IO(char*) (c:\work\project_m54\m54_modul\modul_54\pj_54_15\main.c, 1900)
B8007CD8: SW_init() (c:\work\project_m54\m54_modul\modul_54\pj_54_15\main.c, 2536)
B8005F54: IO(char*) (c:\work\project_m54\m54_modul\modul_54\pj_54_15\main.c, 1900)
B8007CD8: SW_init() (c:\work\project_m54\m54_modul\modul_54\pj_54_15\main.c, 2536)
B8005F54: IO(char*) (c:\work\project_m54\m54_modul\modul_54\pj_54_15\main.c, 1900)
B8007CD8: SW_init() (c:\work\project_m54\m54_modul\modul_54\pj_54_15\main.c, 2536)
B8005F54: IO(char*) (c:\work\project_m54\m54_modul\modul_54\pj_54_15\main.c, 1900)
B8007CD8: SW_init() (c:\work\project_m54\m54_modul\modul_54\pj_54_15\main.c, 2536)
B8005F54: IO(char*) (c:\work\project_m54\m54_modul\modul_54\pj_54_15\main.c, 1900)
B8007CD8: SW_init() (c:\work\project_m54\m54_modul\modul_54\pj_54_15\main.c, 2536)
B8005F54: IO(char*) (c:\work\project_m54\m54_modul\modul_54\pj_54_15\main.c, 1900)
B8007CD8: SW_init() (c:\work\project_m54\m54_modul\modul_54\pj_54_15\main.c, 2536)
B8005F54: IO(char*) (c:\work\project_m54\m54_modul\modul_54\pj_54_15\main.c, 1900)
B8007CD8: SW_init() (c:\work\project_m54\m54_modul\modul_54\pj_54_15\main.c, 2536)
B8005F54: IO(char*) (c:\work\project_m54\m54_modul\modul_54\pj_54_15\main.c, 1900)
B8007CD8: SW_init() (c:\work\project_m54\m54_modul\modul_54\pj_54_15\main.c, 2536)
B8005F54: IO(char*) (c:\work\project_m54\m54_modul\modul_54\pj_54_15\main.c, 1900)
B8007CD8: SW_init() (c:\work\project_m54\m54_modul\modul_54\pj_54_15\main.c, 2536)
B8005F54: IO(char*) (c:\work\project_m54\m54_modul\modul_54\pj_54_15\main.c, 1900)
B8007CD8: SW_init() (c:\work\project_m54\m54_modul\modul_54\pj_54_15\main.c, 2536)
B8005F54: IO(char*) (c:\work\project_m54\m54_modul\modul_54\pj_54_15\main.c, 1900)
B8007CD8: SW_init() (c:\work\project_m54\m54_modul\modul_54\pj_54_15\main.c, 2536)
B8005F54: IO(char*) (c:\work\project_m54\m54_modul\modul_54\pj_54_15\main.c, 1900)
B8007CD8: SW_init() (c:\work\project_m54\m54_modul\modul_54\pj_54_15\main.c, 2536)
B8005F54: IO(char*) (c:\work\project_m54\m54_modul\modul_54\pj_54_15\main.c, 1900)
B8007CD8: SW_init() (c:\work\project_m54\m54_modul\modul_54\pj_54_15\main.c, 2536)
B8005F54: IO(char*) (c:\work\project_m54\m54_modul\modul_54\pj_54_15\main.c, 1900)
B8007CD8: SW_init() (c:\work\project_m54\m54_modul\modul_54\pj_54_15\main.c, 2536)
B8005F54: IO(char*) (c:\work\project_m54\m54_modul\modul_54\pj_54_15\main.c, 1900)
B8007CD8: SW_init() (c:\work\project_m54\m54_modul\modul_54\pj_54_15\main.c, 2536)
B8005F54: IO(char*) (c:\work\project_m54\m54_modul\modul_54\pj_54_15\main.c, 1900)
B8007CD8: SW_init() (c:\work\project_m54\m54_modul\modul_54\pj_54_15\main.c, 2536)
B8005F54: IO(char*) (c:\work\project_m54\m54_modul\modul_54\pj_54_15\main.c, 1900)
B8007CD8: SW_init() (c:\work\project_m54\m54_modul\modul_54\pj_54_15\main.c, 2536)
B8005F54: IO(char*) (c:\work\project_m54\m54_modul\modul_54\pj_54_15\main.c, 1900)
B8007CD8: SW_init() (c:\work\project_m54\m54_modul\modul_54\pj_54_15\main.c, 2536)
B8005F54: IO(char*) (c:\work\project_m54\m54_modul\modul_54\pj_54_15\main.c, 1900)
B8007CD8: SW_init() (c:\work\project_m54\m54_modul\modul_54\pj_54_15\main.c, 2536)
B8005F54: IO(char*) (c:\work\project_m54\m54_modul\modul_54\pj_54_15\main.c, 1900)
B8007CD8: SW_init() (c:\work\project_m54\m54_modul\modul_54\pj_54_15\main.c, 2536)
B8005F54: IO(char*) (c:\work\project_m54\m54_modul\modul_54\pj_54_15\main.c, 1900)
B8007CD8: SW_init() (c:\work\project_m54\m54_modul\modul_54\pj_54_15\main.c, 2536)
B8005F54: IO(char*) (c:\work\project_m54\m54_modul\modul_54\pj_54_15\main.c, 1900)
B8007CD8: SW_init() (c:\work\project_m54\m54_modul\modul_54\pj_54_15\main.c, 2536)
B8005F54: IO(char*) (c:\work\project_m54\m54_modul\modul_54\pj_54_15\main.c, 1900)
B8007CD8: SW_init() (c:\work\project_m54\m54_modul\modul_54\pj_54_15\main.c, 2536)
B8005F54: IO(char*) (c:\work\project_m54\m54_modul\modul_54\pj_54_15\main.c, 1900)
B8007CD8: SW_init() (c:\work\project_m54\m54_modul\modul_54\pj_54_15\main.c, 2536)
B8005F54: IO(char*) (c:\work\project_m54\m54_modul\modul_54\pj_54_15\main.c, 1900)
B8007CD8: SW_init() (c:\work\project_m54\m54_modul\modul_54\pj_54_15\main.c, 2536)
B8005F54: IO(char*) (c:\work\project_m54\m54_modul\modul_54\pj_54_15\main.c, 1900)
B8008714: main() (c:\work\project_m54\m54_modul\modul_54\pj_54_15\main.c, 2923)
B8001460: ...

-----------------------------------------------
B8003404: get_rx_speed(unsigned int) (c:\work\project_m54\m54_modul\modul_54\pj_54_15\main.c, 943)
B8007B90: SW_init() (c:\work\project_m54\m54_modul\modul_54\pj_54_15\main.c, 2513)
B8005F54: IO(char*) (c:\work\project_m54\m54_modul\modul_54\pj_54_15\main.c, 1900)
B8007CD8: SW_init() (c:\work\project_m54\m54_modul\modul_54\pj_54_15\main.c, 2536)
B8005F54: IO(char*) (c:\work\project_m54\m54_modul\modul_54\pj_54_15\main.c, 1900)
B8007CD8: SW_init() (c:\work\project_m54\m54_modul\modul_54\pj_54_15\main.c, 2536)
B8005F54: IO(char*) (c:\work\project_m54\m54_modul\modul_54\pj_54_15\main.c, 1900)
B8007CD8: SW_init() (c:\work\project_m54\m54_modul\modul_54\pj_54_15\main.c, 2536)
B8005F54: IO(char*) (c:\work\project_m54\m54_modul\modul_54\pj_54_15\main.c, 1900)
B8007CD8: SW_init() (c:\work\project_m54\m54_modul\modul_54\pj_54_15\main.c, 2536)
B8005F54: IO(char*) (c:\work\project_m54\m54_modul\modul_54\pj_54_15\main.c, 1900)
B8007CD8: SW_init() (c:\work\project_m54\m54_modul\modul_54\pj_54_15\main.c, 2536)
B8005F54: IO(char*) (c:\work\project_m54\m54_modul\modul_54\pj_54_15\main.c, 1900)
B8007CD8: SW_init() (c:\work\project_m54\m54_modul\modul_54\pj_54_15\main.c, 2536)
B8005F54: IO(char*) (c:\work\project_m54\m54_modul\modul_54\pj_54_15\main.c, 1900)
B8007CD8: SW_init() (c:\work\project_m54\m54_modul\modul_54\pj_54_15\main.c, 2536)
B8005F54: IO(char*) (c:\work\project_m54\m54_modul\modul_54\pj_54_15\main.c, 1900)
B8007CD8: SW_init() (c:\work\project_m54\m54_modul\modul_54\pj_54_15\main.c, 2536)
B8005F54: IO(char*) (c:\work\project_m54\m54_modul\modul_54\pj_54_15\main.c, 1900)
B8007CD8: SW_init() (c:\work\project_m54\m54_modul\modul_54\pj_54_15\main.c, 2536)
B8005F54: IO(char*) (c:\work\project_m54\m54_modul\modul_54\pj_54_15\main.c, 1900)
B8007CD8: SW_init() (c:\work\project_m54\m54_modul\modul_54\pj_54_15\main.c, 2536)
B8005F54: IO(char*) (c:\work\project_m54\m54_modul\modul_54\pj_54_15\main.c, 1900)
B8007CD8: SW_init() (c:\work\project_m54\m54_modul\modul_54\pj_54_15\main.c, 2536)
B8005F54: IO(char*) (c:\work\project_m54\m54_modul\modul_54\pj_54_15\main.c, 1900)
B8007CD8: SW_init() (c:\work\project_m54\m54_modul\modul_54\pj_54_15\main.c, 2536)
B8005F54: IO(char*) (c:\work\project_m54\m54_modul\modul_54\pj_54_15\main.c, 1900)
B8007CD8: SW_init() (c:\work\project_m54\m54_modul\modul_54\pj_54_15\main.c, 2536)
B8005F54: IO(char*) (c:\work\project_m54\m54_modul\modul_54\pj_54_15\main.c, 1900)
B8007CD8: SW_init() (c:\work\project_m54\m54_modul\modul_54\pj_54_15\main.c, 2536)
B8005F54: IO(char*) (c:\work\project_m54\m54_modul\modul_54\pj_54_15\main.c, 1900)
B8007CD8: SW_init() (c:\work\project_m54\m54_modul\modul_54\pj_54_15\main.c, 2536)
B8005F54: IO(char*) (c:\work\project_m54\m54_modul\modul_54\pj_54_15\main.c, 1900)
B8007CD8: SW_init() (c:\work\project_m54\m54_modul\modul_54\pj_54_15\main.c, 2536)
B8005F54: IO(char*) (c:\work\project_m54\m54_modul\modul_54\pj_54_15\main.c, 1900)
B8007CD8: SW_init() (c:\work\project_m54\m54_modul\modul_54\pj_54_15\main.c, 2536)
B8005F54: IO(char*) (c:\work\project_m54\m54_modul\modul_54\pj_54_15\main.c, 1900)
B8007CD8: SW_init() (c:\work\project_m54\m54_modul\modul_54\pj_54_15\main.c, 2536)
B8005F54: IO(char*) (c:\work\project_m54\m54_modul\modul_54\pj_54_15\main.c, 1900)
B8007CD8: SW_init() (c:\work\project_m54\m54_modul\modul_54\pj_54_15\main.c, 2536)
B8005F54: IO(char*) (c:\work\project_m54\m54_modul\modul_54\pj_54_15\main.c, 1900)
B8007CD8: SW_init() (c:\work\project_m54\m54_modul\modul_54\pj_54_15\main.c, 2536)
B8005F54: IO(char*) (c:\work\project_m54\m54_modul\modul_54\pj_54_15\main.c, 1900)
B8007CD8: SW_init() (c:\work\project_m54\m54_modul\modul_54\pj_54_15\main.c, 2536)
B8005F54: IO(char*) (c:\work\project_m54\m54_modul\modul_54\pj_54_15\main.c, 1900)
B8007CD8: SW_init() (c:\work\project_m54\m54_modul\modul_54\pj_54_15\main.c, 2536)
B8005F54: IO(char*) (c:\work\project_m54\m54_modul\modul_54\pj_54_15\main.c, 1900)
B8007CD8: SW_init() (c:\work\project_m54\m54_modul\modul_54\pj_54_15\main.c, 2536)
B8005F54: IO(char*) (c:\work\project_m54\m54_modul\modul_54\pj_54_15\main.c, 1900)
B8007CD8: SW_init() (c:\work\project_m54\m54_modul\modul_54\pj_54_15\main.c, 2536)
B8005F54: IO(char*) (c:\work\project_m54\m54_modul\modul_54\pj_54_15\main.c, 1900)
B8007CD8: SW_init() (c:\work\project_m54\m54_modul\modul_54\pj_54_15\main.c, 2536)
B8005F54: IO(char*) (c:\work\project_m54\m54_modul\modul_54\pj_54_15\main.c, 1900)
B8008714: main() (c:\work\project_m54\m54_modul\modul_54\pj_54_15\main.c, 2923)
B8001460: ...

-----------------------------------------------
B8007B98: SW_init() (c:\work\project_m54\m54_modul\modul_54\pj_54_15\main.c, 2513)
B8005F54: IO(char*) (c:\work\project_m54\m54_modul\modul_54\pj_54_15\main.c, 1900)
B8007CD8: SW_init() (c:\work\project_m54\m54_modul\modul_54\pj_54_15\main.c, 2536)
B8005F54: IO(char*) (c:\work\project_m54\m54_modul\modul_54\pj_54_15\main.c, 1900)
B8007CD8: SW_init() (c:\work\project_m54\m54_modul\modul_54\pj_54_15\main.c, 2536)
B8005F54: IO(char*) (c:\work\project_m54\m54_modul\modul_54\pj_54_15\main.c, 1900)
B8007CD8: SW_init() (c:\work\project_m54\m54_modul\modul_54\pj_54_15\main.c, 2536)
B8005F54: IO(char*) (c:\work\project_m54\m54_modul\modul_54\pj_54_15\main.c, 1900)
B8007CD8: SW_init() (c:\work\project_m54\m54_modul\modul_54\pj_54_15\main.c, 2536)
B8005F54: IO(char*) (c:\work\project_m54\m54_modul\modul_54\pj_54_15\main.c, 1900)
B8007CD8: SW_init() (c:\work\project_m54\m54_modul\modul_54\pj_54_15\main.c, 2536)
B8005F54: IO(char*) (c:\work\project_m54\m54_modul\modul_54\pj_54_15\main.c, 1900)
B8007CD8: SW_init() (c:\work\project_m54\m54_modul\modul_54\pj_54_15\main.c, 2536)
B8005F54: IO(char*) (c:\work\project_m54\m54_modul\modul_54\pj_54_15\main.c, 1900)
B8007CD8: SW_init() (c:\work\project_m54\m54_modul\modul_54\pj_54_15\main.c, 2536)
B8005F54: IO(char*) (c:\work\project_m54\m54_modul\modul_54\pj_54_15\main.c, 1900)
B8007CD8: SW_init() (c:\work\project_m54\m54_modul\modul_54\pj_54_15\main.c, 2536)
B8005F54: IO(char*) (c:\work\project_m54\m54_modul\modul_54\pj_54_15\main.c, 1900)
B8007CD8: SW_init() (c:\work\project_m54\m54_modul\modul_54\pj_54_15\main.c, 2536)
B8005F54: IO(char*) (c:\work\project_m54\m54_modul\modul_54\pj_54_15\main.c, 1900)
B8007CD8: SW_init() (c:\work\project_m54\m54_modul\modul_54\pj_54_15\main.c, 2536)
B8005F54: IO(char*) (c:\work\project_m54\m54_modul\modul_54\pj_54_15\main.c, 1900)
B8007CD8: SW_init() (c:\work\project_m54\m54_modul\modul_54\pj_54_15\main.c, 2536)
B8005F54: IO(char*) (c:\work\project_m54\m54_modul\modul_54\pj_54_15\main.c, 1900)
B8007CD8: SW_init() (c:\work\project_m54\m54_modul\modul_54\pj_54_15\main.c, 2536)
B8005F54: IO(char*) (c:\work\project_m54\m54_modul\modul_54\pj_54_15\main.c, 1900)
B8007CD8: SW_init() (c:\work\project_m54\m54_modul\modul_54\pj_54_15\main.c, 2536)
B8005F54: IO(char*) (c:\work\project_m54\m54_modul\modul_54\pj_54_15\main.c, 1900)
B8007CD8: SW_init() (c:\work\project_m54\m54_modul\modul_54\pj_54_15\main.c, 2536)
B8005F54: IO(char*) (c:\work\project_m54\m54_modul\modul_54\pj_54_15\main.c, 1900)
B8007CD8: SW_init() (c:\work\project_m54\m54_modul\modul_54\pj_54_15\main.c, 2536)
B8005F54: IO(char*) (c:\work\project_m54\m54_modul\modul_54\pj_54_15\main.c, 1900)
B8007CD8: SW_init() (c:\work\project_m54\m54_modul\modul_54\pj_54_15\main.c, 2536)
B8005F54: IO(char*) (c:\work\project_m54\m54_modul\modul_54\pj_54_15\main.c, 1900)
B8007CD8: SW_init() (c:\work\project_m54\m54_modul\modul_54\pj_54_15\main.c, 2536)
B8005F54: IO(char*) (c:\work\project_m54\m54_modul\modul_54\pj_54_15\main.c, 1900)
B8007CD8: SW_init() (c:\work\project_m54\m54_modul\modul_54\pj_54_15\main.c, 2536)
B8005F54: IO(char*) (c:\work\project_m54\m54_modul\modul_54\pj_54_15\main.c, 1900)
B8007CD8: SW_init() (c:\work\project_m54\m54_modul\modul_54\pj_54_15\main.c, 2536)
B8005F54: IO(char*) (c:\work\project_m54\m54_modul\modul_54\pj_54_15\main.c, 1900)
B8007CD8: SW_init() (c:\work\project_m54\m54_modul\modul_54\pj_54_15\main.c, 2536)
B8005F54: IO(char*) (c:\work\project_m54\m54_modul\modul_54\pj_54_15\main.c, 1900)
B8007CD8: SW_init() (c:\work\project_m54\m54_modul\modul_54\pj_54_15\main.c, 2536)
B8005F54: IO(char*) (c:\work\project_m54\m54_modul\modul_54\pj_54_15\main.c, 1900)
B8007CD8: SW_init() (c:\work\project_m54\m54_modul\modul_54\pj_54_15\main.c, 2536)
B8005F54: IO(char*) (c:\work\project_m54\m54_modul\modul_54\pj_54_15\main.c, 1900)
B8007CD8: SW_init() (c:\work\project_m54\m54_modul\modul_54\pj_54_15\main.c, 2536)
B8005F54: IO(char*) (c:\work\project_m54\m54_modul\modul_54\pj_54_15\main.c, 1900)
B8007CD8: SW_init() (c:\work\project_m54\m54_modul\modul_54\pj_54_15\main.c, 2536)
B8005F54: IO(char*) (c:\work\project_m54\m54_modul\modul_54\pj_54_15\main.c, 1900)
B8007CD8: SW_init() (c:\work\project_m54\m54_modul\modul_54\pj_54_15\main.c, 2536)
B8005F54: IO(char*) (c:\work\project_m54\m54_modul\modul_54\pj_54_15\main.c, 1900)
B8008714: main() (c:\work\project_m54\m54_modul\modul_54\pj_54_15\main.c, 2923)
B8001460: ...

-----------------------------------------------
B8007B50: SW_init() (c:\work\project_m54\m54_modul\modul_54\pj_54_15\main.c, 2515)
B8005F54: IO(char*) (c:\work\project_m54\m54_modul\modul_54\pj_54_15\main.c, 1900)
B8007CD8: SW_init() (c:\work\project_m54\m54_modul\modul_54\pj_54_15\main.c, 2536)
B8005F54: IO(char*) (c:\work\project_m54\m54_modul\modul_54\pj_54_15\main.c, 1900)
B8007CD8: SW_init() (c:\work\project_m54\m54_modul\modul_54\pj_54_15\main.c, 2536)
B8005F54: IO(char*) (c:\work\project_m54\m54_modul\modul_54\pj_54_15\main.c, 1900)
B8007CD8: SW_init() (c:\work\project_m54\m54_modul\modul_54\pj_54_15\main.c, 2536)
B8005F54: IO(char*) (c:\work\project_m54\m54_modul\modul_54\pj_54_15\main.c, 1900)
B8007CD8: SW_init() (c:\work\project_m54\m54_modul\modul_54\pj_54_15\main.c, 2536)
B8005F54: IO(char*) (c:\work\project_m54\m54_modul\modul_54\pj_54_15\main.c, 1900)
B8007CD8: SW_init() (c:\work\project_m54\m54_modul\modul_54\pj_54_15\main.c, 2536)
B8005F54: IO(char*) (c:\work\project_m54\m54_modul\modul_54\pj_54_15\main.c, 1900)
B8007CD8: SW_init() (c:\work\project_m54\m54_modul\modul_54\pj_54_15\main.c, 2536)
B8005F54: IO(char*) (c:\work\project_m54\m54_modul\modul_54\pj_54_15\main.c, 1900)
B8007CD8: SW_init() (c:\work\project_m54\m54_modul\modul_54\pj_54_15\main.c, 2536)
B8005F54: IO(char*) (c:\work\project_m54\m54_modul\modul_54\pj_54_15\main.c, 1900)
B8007CD8: SW_init() (c:\work\project_m54\m54_modul\modul_54\pj_54_15\main.c, 2536)
B8005F54: IO(char*) (c:\work\project_m54\m54_modul\modul_54\pj_54_15\main.c, 1900)
B8007CD8: SW_init() (c:\work\project_m54\m54_modul\modul_54\pj_54_15\main.c, 2536)
B8005F54: IO(char*) (c:\work\project_m54\m54_modul\modul_54\pj_54_15\main.c, 1900)
B8007CD8: SW_init() (c:\work\project_m54\m54_modul\modul_54\pj_54_15\main.c, 2536)
B8005F54: IO(char*) (c:\work\project_m54\m54_modul\modul_54\pj_54_15\main.c, 1900)
B8007CD8: SW_init() (c:\work\project_m54\m54_modul\modul_54\pj_54_15\main.c, 2536)
B8005F54: IO(char*) (c:\work\project_m54\m54_modul\modul_54\pj_54_15\main.c, 1900)
B8007CD8: SW_init() (c:\work\project_m54\m54_modul\modul_54\pj_54_15\main.c, 2536)
B8005F54: IO(char*) (c:\work\project_m54\m54_modul\modul_54\pj_54_15\main.c, 1900)
B8007CD8: SW_init() (c:\work\project_m54\m54_modul\modul_54\pj_54_15\main.c, 2536)
B8005F54: IO(char*) (c:\work\project_m54\m54_modul\modul_54\pj_54_15\main.c, 1900)
B8007CD8: SW_init() (c:\work\project_m54\m54_modul\modul_54\pj_54_15\main.c, 2536)
B8005F54: IO(char*) (c:\work\project_m54\m54_modul\modul_54\pj_54_15\main.c, 1900)
B8007CD8: SW_init() (c:\work\project_m54\m54_modul\modul_54\pj_54_15\main.c, 2536)
B8005F54: IO(char*) (c:\work\project_m54\m54_modul\modul_54\pj_54_15\main.c, 1900)
B8007CD8: SW_init() (c:\work\project_m54\m54_modul\modul_54\pj_54_15\main.c, 2536)
B8005F54: IO(char*) (c:\work\project_m54\m54_modul\modul_54\pj_54_15\main.c, 1900)
B8007CD8: SW_init() (c:\work\project_m54\m54_modul\modul_54\pj_54_15\main.c, 2536)
B8005F54: IO(char*) (c:\work\project_m54\m54_modul\modul_54\pj_54_15\main.c, 1900)
B8007CD8: SW_init() (c:\work\project_m54\m54_modul\modul_54\pj_54_15\main.c, 2536)
B8005F54: IO(char*) (c:\work\project_m54\m54_modul\modul_54\pj_54_15\main.c, 1900)
B8007CD8: SW_init() (c:\work\project_m54\m54_modul\modul_54\pj_54_15\main.c, 2536)
B8005F54: IO(char*) (c:\work\project_m54\m54_modul\modul_54\pj_54_15\main.c, 1900)
B8007CD8: SW_init() (c:\work\project_m54\m54_modul\modul_54\pj_54_15\main.c, 2536)
B8005F54: IO(char*) (c:\work\project_m54\m54_modul\modul_54\pj_54_15\main.c, 1900)
B8007CD8: SW_init() (c:\work\project_m54\m54_modul\modul_54\pj_54_15\main.c, 2536)
B8005F54: IO(char*) (c:\work\project_m54\m54_modul\modul_54\pj_54_15\main.c, 1900)
B8007CD8: SW_init() (c:\work\project_m54\m54_modul\modul_54\pj_54_15\main.c, 2536)
B8005F54: IO(char*) (c:\work\project_m54\m54_modul\modul_54\pj_54_15\main.c, 1900)
B8007CD8: SW_init() (c:\work\project_m54\m54_modul\modul_54\pj_54_15\main.c, 2536)
B8005F54: IO(char*) (c:\work\project_m54\m54_modul\modul_54\pj_54_15\main.c, 1900)
B8007CD8: SW_init() (c:\work\project_m54\m54_modul\modul_54\pj_54_15\main.c, 2536)
B8005F54: IO(char*) (c:\work\project_m54\m54_modul\modul_54\pj_54_15\main.c, 1900)
B8007CD8: SW_init() (c:\work\project_m54\m54_modul\modul_54\pj_54_15\main.c, 2536)
B8005F54: IO(char*) (c:\work\project_m54\m54_modul\modul_54\pj_54_15\main.c, 1900)
B8008714: main() (c:\work\project_m54\m54_modul\modul_54\pj_54_15\main.c, 2923)
B8001460: ...

-----------------------------------------------
B800A714: get_cause_risc(unsigned int) (c:\work\project_m54\m54_modul\modul_54\pj_54_15\risc_runtime\risc_interrupt.c, 635)
B800B698: risc_common_handler() (c:\work\project_m54\m54_modul\modul_54\pj_54_15\risc_runtime\risc_interrupt.c, 748)
B8000204: risc_common_handler() (c:\work\project_m54\m54_modul\modul_54\pj_54_15\risc_interrupt_handler.s, 44)

-----------------------------------------------
B800A850: get_cause_risc(unsigned int) (c:\work\project_m54\m54_modul\modul_54\pj_54_15\risc_runtime\risc_interrupt.c, 644)
B800B698: risc_common_handler() (c:\work\project_m54\m54_modul\modul_54\pj_54_15\risc_runtime\risc_interrupt.c, 748)
B8000204: risc_common_handler() (c:\work\project_m54\m54_modul\modul_54\pj_54_15\risc_interrupt_handler.s, 44)

-----------------------------------------------
B800A878: get_cause_risc(unsigned int) (c:\work\project_m54\m54_modul\modul_54\pj_54_15\risc_runtime\risc_interrupt.c, 645)
B800B698: risc_common_handler() (c:\work\project_m54\m54_modul\modul_54\pj_54_15\risc_runtime\risc_interrupt.c, 748)
B8000204: risc_common_handler() (c:\work\project_m54\m54_modul\modul_54\pj_54_15\risc_interrupt_handler.s, 44)

-----------------------------------------------
B800A8A4: get_cause_risc(unsigned int) (c:\work\project_m54\m54_modul\modul_54\pj_54_15\risc_runtime\risc_interrupt.c, 646)
B800B698: risc_common_handler() (c:\work\project_m54\m54_modul\modul_54\pj_54_15\risc_runtime\risc_interrupt.c, 748)
B8000204: risc_common_handler() (c:\work\project_m54\m54_modul\modul_54\pj_54_15\risc_interrupt_handler.s, 44)

-----------------------------------------------
B800B658: get_cause_risc(unsigned int) (c:\work\project_m54\m54_modul\modul_54\pj_54_15\risc_runtime\risc_interrupt.c, 740)
B800B698: risc_common_handler() (c:\work\project_m54\m54_modul\modul_54\pj_54_15\risc_runtime\risc_interrupt.c, 748)
B8000204: risc_common_handler() (c:\work\project_m54\m54_modul\modul_54\pj_54_15\risc_interrupt_handler.s, 44)

-----------------------------------------------
B800B9F4: risc_common_handler() (c:\work\project_m54\m54_modul\modul_54\pj_54_15\risc_runtime\risc_interrupt.c, 815)
B8000204: risc_common_handler() (c:\work\project_m54\m54_modul\modul_54\pj_54_15\risc_interrupt_handler.s, 44)

-----------------------------------------------
B800BA40: risc_common_handler() (c:\work\project_m54\m54_modul\modul_54\pj_54_15\risc_runtime\risc_interrupt.c, 819)
B8000204: risc_common_handler() (c:\work\project_m54\m54_modul\modul_54\pj_54_15\risc_interrupt_handler.s, 44)

-----------------------------------------------
B80092BC: or_MASKR(unsigned int, unsigned int, int) (c:\work\project_m54\m54_modul\modul_54\pj_54_15\risc_runtime\risc_interrupt.c, 96)
B80097E0: risc_enable_interrupt(RISC_INTERRUPT_TYPE) (c:\work\project_m54\m54_modul\modul_54\pj_54_15\risc_runtime\risc_interrupt.c, 191)
B80083C4: main() (c:\work\project_m54\m54_modul\modul_54\pj_54_15\main.c, 2807)
B8001460: ...

-----------------------------------------------
B800B5F0: risc_common_handler() (c:\work\project_m54\m54_modul\modul_54\pj_54_15\risc_runtime\risc_interrupt.c, 744)
B8000204: risc_common_handler() (c:\work\project_m54\m54_modul\modul_54\pj_54_15\risc_interrupt_handler.s, 44)

-----------------------------------------------
B800B600: risc_common_handler() (c:\work\project_m54\m54_modul\modul_54\pj_54_15\risc_runtime\risc_interrupt.c, 745)
B8000204: risc_common_handler() (c:\work\project_m54\m54_modul\modul_54\pj_54_15\risc_interrupt_handler.s, 44)

-----------------------------------------------
B800B604: risc_common_handler() (c:\work\project_m54\m54_modul\modul_54\pj_54_15\risc_runtime\risc_interrupt.c, 746)
B8000204: risc_common_handler() (c:\work\project_m54\m54_modul\modul_54\pj_54_15\risc_interrupt_handler.s, 44)

-----------------------------------------------
B800B608: risc_common_handler() (c:\work\project_m54\m54_modul\modul_54\pj_54_15\risc_runtime\risc_interrupt.c, 747)
B8000204: risc_common_handler() (c:\work\project_m54\m54_modul\modul_54\pj_54_15\risc_interrupt_handler.s, 44)

-----------------------------------------------
B800B610: risc_common_handler() (c:\work\project_m54\m54_modul\modul_54\pj_54_15\risc_runtime\risc_interrupt.c, 748)
B8000204: risc_common_handler() (c:\work\project_m54\m54_modul\modul_54\pj_54_15\risc_interrupt_handler.s, 44)

-----------------------------------------------
B800A674: get_cause_risc(unsigned int) (c:\work\project_m54\m54_modul\modul_54\pj_54_15\risc_runtime\risc_interrupt.c, 634)
B800B618: risc_common_handler() (c:\work\project_m54\m54_modul\modul_54\pj_54_15\risc_runtime\risc_interrupt.c, 748)
B8000204: risc_common_handler() (c:\work\project_m54\m54_modul\modul_54\pj_54_15\risc_interrupt_handler.s, 44)

-----------------------------------------------
B800A684: get_cause_risc(unsigned int) (c:\work\project_m54\m54_modul\modul_54\pj_54_15\risc_runtime\risc_interrupt.c, 635)
B800B618: risc_common_handler() (c:\work\project_m54\m54_modul\modul_54\pj_54_15\risc_runtime\risc_interrupt.c, 748)
B8000204: risc_common_handler() (c:\work\project_m54\m54_modul\modul_54\pj_54_15\risc_interrupt_handler.s, 44)

-----------------------------------------------
B800A69C: get_cause_risc(unsigned int) (c:\work\project_m54\m54_modul\modul_54\pj_54_15\risc_runtime\risc_interrupt.c, 637)
B800B618: risc_common_handler() (c:\work\project_m54\m54_modul\modul_54\pj_54_15\risc_runtime\risc_interrupt.c, 748)
B8000204: risc_common_handler() (c:\work\project_m54\m54_modul\modul_54\pj_54_15\risc_interrupt_handler.s, 44)

-----------------------------------------------
B800A6C4: get_cause_risc(unsigned int) (c:\work\project_m54\m54_modul\modul_54\pj_54_15\risc_runtime\risc_interrupt.c, 638)
B800B618: risc_common_handler() (c:\work\project_m54\m54_modul\modul_54\pj_54_15\risc_runtime\risc_interrupt.c, 748)
B8000204: risc_common_handler() (c:\work\project_m54\m54_modul\modul_54\pj_54_15\risc_interrupt_handler.s, 44)

-----------------------------------------------
B800A6F0: get_cause_risc(unsigned int) (c:\work\project_m54\m54_modul\modul_54\pj_54_15\risc_runtime\risc_interrupt.c, 639)
B800B618: risc_common_handler() (c:\work\project_m54\m54_modul\modul_54\pj_54_15\risc_runtime\risc_interrupt.c, 748)
B8000204: risc_common_handler() (c:\work\project_m54\m54_modul\modul_54\pj_54_15\risc_interrupt_handler.s, 44)

-----------------------------------------------
B800A71C: get_cause_risc(unsigned int) (c:\work\project_m54\m54_modul\modul_54\pj_54_15\risc_runtime\risc_interrupt.c, 640)
B800B618: risc_common_handler() (c:\work\project_m54\m54_modul\modul_54\pj_54_15\risc_runtime\risc_interrupt.c, 748)
B8000204: risc_common_handler() (c:\work\project_m54\m54_modul\modul_54\pj_54_15\risc_interrupt_handler.s, 44)

-----------------------------------------------
B800A748: get_cause_risc(unsigned int) (c:\work\project_m54\m54_modul\modul_54\pj_54_15\risc_runtime\risc_interrupt.c, 641)
B800B618: risc_common_handler() (c:\work\project_m54\m54_modul\modul_54\pj_54_15\risc_runtime\risc_interrupt.c, 748)
B8000204: risc_common_handler() (c:\work\project_m54\m54_modul\modul_54\pj_54_15\risc_interrupt_handler.s, 44)

-----------------------------------------------
B800A774: get_cause_risc(unsigned int) (c:\work\project_m54\m54_modul\modul_54\pj_54_15\risc_runtime\risc_interrupt.c, 642)
B800B618: risc_common_handler() (c:\work\project_m54\m54_modul\modul_54\pj_54_15\risc_runtime\risc_interrupt.c, 748)
B8000204: risc_common_handler() (c:\work\project_m54\m54_modul\modul_54\pj_54_15\risc_interrupt_handler.s, 44)

-----------------------------------------------
B800A7A0: get_cause_risc(unsigned int) (c:\work\project_m54\m54_modul\modul_54\pj_54_15\risc_runtime\risc_interrupt.c, 643)
B800B618: risc_common_handler() (c:\work\project_m54\m54_modul\modul_54\pj_54_15\risc_runtime\risc_interrupt.c, 748)
B8000204: risc_common_handler() (c:\work\project_m54\m54_modul\modul_54\pj_54_15\risc_interrupt_handler.s, 44)

-----------------------------------------------
B800A7CC: get_cause_risc(unsigned int) (c:\work\project_m54\m54_modul\modul_54\pj_54_15\risc_runtime\risc_interrupt.c, 644)
B800B618: risc_common_handler() (c:\work\project_m54\m54_modul\modul_54\pj_54_15\risc_runtime\risc_interrupt.c, 748)
B8000204: risc_common_handler() (c:\work\project_m54\m54_modul\modul_54\pj_54_15\risc_interrupt_handler.s, 44)

-----------------------------------------------
B800A7F8: get_cause_risc(unsigned int) (c:\work\project_m54\m54_modul\modul_54\pj_54_15\risc_runtime\risc_interrupt.c, 645)
B800B618: risc_common_handler() (c:\work\project_m54\m54_modul\modul_54\pj_54_15\risc_runtime\risc_interrupt.c, 748)
B8000204: risc_common_handler() (c:\work\project_m54\m54_modul\modul_54\pj_54_15\risc_interrupt_handler.s, 44)

-----------------------------------------------
B800A824: get_cause_risc(unsigned int) (c:\work\project_m54\m54_modul\modul_54\pj_54_15\risc_runtime\risc_interrupt.c, 646)
B800B618: risc_common_handler() (c:\work\project_m54\m54_modul\modul_54\pj_54_15\risc_runtime\risc_interrupt.c, 748)
B8000204: risc_common_handler() (c:\work\project_m54\m54_modul\modul_54\pj_54_15\risc_interrupt_handler.s, 44)

-----------------------------------------------
B800B5D8: get_cause_risc(unsigned int) (c:\work\project_m54\m54_modul\modul_54\pj_54_15\risc_runtime\risc_interrupt.c, 740)
B800B618: risc_common_handler() (c:\work\project_m54\m54_modul\modul_54\pj_54_15\risc_runtime\risc_interrupt.c, 748)
B8000204: risc_common_handler() (c:\work\project_m54\m54_modul\modul_54\pj_54_15\risc_interrupt_handler.s, 44)

-----------------------------------------------
B800B620: risc_common_handler() (c:\work\project_m54\m54_modul\modul_54\pj_54_15\risc_runtime\risc_interrupt.c, 748)
B8000204: risc_common_handler() (c:\work\project_m54\m54_modul\modul_54\pj_54_15\risc_interrupt_handler.s, 44)

-----------------------------------------------
B800B624: risc_common_handler() (c:\work\project_m54\m54_modul\modul_54\pj_54_15\risc_runtime\risc_interrupt.c, 750)
B8000204: risc_common_handler() (c:\work\project_m54\m54_modul\modul_54\pj_54_15\risc_interrupt_handler.s, 44)

-----------------------------------------------
B800B8E4: risc_common_handler() (c:\work\project_m54\m54_modul\modul_54\pj_54_15\risc_runtime\risc_interrupt.c, 804)
B8000204: risc_common_handler() (c:\work\project_m54\m54_modul\modul_54\pj_54_15\risc_interrupt_handler.s, 44)

-----------------------------------------------
B800B9DC: risc_common_handler() (c:\work\project_m54\m54_modul\modul_54\pj_54_15\risc_runtime\risc_interrupt.c, 815)
B8000204: risc_common_handler() (c:\work\project_m54\m54_modul\modul_54\pj_54_15\risc_interrupt_handler.s, 44)

-----------------------------------------------
B800BA40: risc_common_handler() (c:\work\project_m54\m54_modul\modul_54\pj_54_15\risc_runtime\risc_interrupt.c, 819)
B8000204: risc_common_handler() (c:\work\project_m54\m54_modul\modul_54\pj_54_15\risc_interrupt_handler.s, 44)

-----------------------------------------------
B800B87C: risc_common_handler() (c:\work\project_m54\m54_modul\modul_54\pj_54_15\risc_runtime\risc_interrupt.c, 819)
B8000204: risc_common_handler() (c:\work\project_m54\m54_modul\modul_54\pj_54_15\risc_interrupt_handler.s, 44)

-----------------------------------------------
B80090F0: or_MASKR(unsigned int, unsigned int, int) (c:\work\project_m54\m54_modul\modul_54\pj_54_15\risc_runtime\risc_interrupt.c, 96)
B8009614: risc_enable_interrupt(RISC_INTERRUPT_TYPE) (c:\work\project_m54\m54_modul\modul_54\pj_54_15\risc_runtime\risc_interrupt.c, 191)
B80083C4: main() (c:\work\project_m54\m54_modul\modul_54\pj_54_15\main.c, 2807)
B8001460: ...

